{"numTotalTestSuites":132,"numPassedTestSuites":132,"numFailedTestSuites":0,"numPendingTestSuites":0,"numTotalTests":407,"numPassedTests":407,"numFailedTests":0,"numPendingTests":0,"numTodoTests":0,"snapshot":{"added":0,"failure":false,"filesAdded":0,"filesRemoved":0,"filesRemovedList":[],"filesUnmatched":0,"filesUpdated":0,"matched":0,"total":0,"unchecked":0,"uncheckedKeysByFile":[],"unmatched":0,"updated":0,"didUpdate":false},"startTime":1767274488987,"success":true,"testResults":[{"assertionResults":[{"ancestorTitles":["ApiProviderContext","useApi hook"],"fullName":"ApiProviderContext useApi hook throws error when used outside ApiProvider","status":"passed","title":"throws error when used outside ApiProvider","duration":19.05939999999987,"failureMessages":[],"meta":{}},{"ancestorTitles":["ApiProviderContext","useApi hook"],"fullName":"ApiProviderContext useApi hook returns context value when used within provider","status":"passed","title":"returns context value when used within provider","duration":4.783399999999801,"failureMessages":[],"meta":{}},{"ancestorTitles":["ApiProviderContext","default values"],"fullName":"ApiProviderContext default values has correct default model values","status":"passed","title":"has correct default model values","duration":7.167900000000145,"failureMessages":[],"meta":{}},{"ancestorTitles":["ApiProviderContext","default values"],"fullName":"ApiProviderContext default values has null for API keys initially","status":"passed","title":"has null for API keys initially","duration":2.198199999999815,"failureMessages":[],"meta":{}},{"ancestorTitles":["ApiProviderContext","default values"],"fullName":"ApiProviderContext default values has empty arrays for AIVideoAuto models","status":"passed","title":"has empty arrays for AIVideoAuto models","duration":3.185999999999922,"failureMessages":[],"meta":{}},{"ancestorTitles":["ApiProviderContext","default values"],"fullName":"ApiProviderContext default values loads Google API key from localStorage on mount","status":"passed","title":"loads Google API key from localStorage on mount","duration":2.6160999999999603,"failureMessages":[],"meta":{}},{"ancestorTitles":["ApiProviderContext","setGoogleApiKey"],"fullName":"ApiProviderContext setGoogleApiKey persists key to localStorage when setting a value","status":"passed","title":"persists key to localStorage when setting a value","duration":3.341899999999896,"failureMessages":[],"meta":{}},{"ancestorTitles":["ApiProviderContext","setGoogleApiKey"],"fullName":"ApiProviderContext setGoogleApiKey calls setGeminiApiKey from apiClient","status":"passed","title":"calls setGeminiApiKey from apiClient","duration":1.8819999999998345,"failureMessages":[],"meta":{}},{"ancestorTitles":["ApiProviderContext","setGoogleApiKey"],"fullName":"ApiProviderContext setGoogleApiKey removes key from localStorage when setting null","status":"passed","title":"removes key from localStorage when setting null","duration":2.402699999999868,"failureMessages":[],"meta":{}},{"ancestorTitles":["ApiProviderContext","setAivideoautoAccessToken"],"fullName":"ApiProviderContext setAivideoautoAccessToken updates access token state","status":"passed","title":"updates access token state","duration":1.6311000000000604,"failureMessages":[],"meta":{}},{"ancestorTitles":["ApiProviderContext","setAivideoautoAccessToken"],"fullName":"ApiProviderContext setAivideoautoAccessToken can set token to null","status":"passed","title":"can set token to null","duration":1.4389000000001033,"failureMessages":[],"meta":{}},{"ancestorTitles":["ApiProviderContext","setAivideoautoImageModels"],"fullName":"ApiProviderContext setAivideoautoImageModels updates image models array","status":"passed","title":"updates image models array","duration":1.7339999999999236,"failureMessages":[],"meta":{}},{"ancestorTitles":["ApiProviderContext","setAivideoautoVideoModels"],"fullName":"ApiProviderContext setAivideoautoVideoModels updates video models array","status":"passed","title":"updates video models array","duration":1.4207000000001244,"failureMessages":[],"meta":{}},{"ancestorTitles":["ApiProviderContext","model setters"],"fullName":"ApiProviderContext model setters setImageEditModel updates imageEditModel","status":"passed","title":"setImageEditModel updates imageEditModel","duration":1.177699999999959,"failureMessages":[],"meta":{}},{"ancestorTitles":["ApiProviderContext","model setters"],"fullName":"ApiProviderContext model setters setImageGenerateModel updates imageGenerateModel","status":"passed","title":"setImageGenerateModel updates imageGenerateModel","duration":1.3994000000000142,"failureMessages":[],"meta":{}},{"ancestorTitles":["ApiProviderContext","model setters"],"fullName":"ApiProviderContext model setters setVideoGenerateModel updates videoGenerateModel","status":"passed","title":"setVideoGenerateModel updates videoGenerateModel","duration":1.3023000000000593,"failureMessages":[],"meta":{}},{"ancestorTitles":["ApiProviderContext","model setters"],"fullName":"ApiProviderContext model setters setTextGenerateModel updates textGenerateModel","status":"passed","title":"setTextGenerateModel updates textGenerateModel","duration":1.221900000000005,"failureMessages":[],"meta":{}},{"ancestorTitles":["ApiProviderContext","getModelsForFeature","non-video features"],"fullName":"ApiProviderContext getModelsForFeature non-video features returns unchanged models for TryOn feature","status":"passed","title":"returns unchanged models for TryOn feature","duration":1.329300000000103,"failureMessages":[],"meta":{}},{"ancestorTitles":["ApiProviderContext","getModelsForFeature","non-video features"],"fullName":"ApiProviderContext getModelsForFeature non-video features returns unchanged models for Background feature","status":"passed","title":"returns unchanged models for Background feature","duration":1.0584000000001197,"failureMessages":[],"meta":{}},{"ancestorTitles":["ApiProviderContext","getModelsForFeature","non-video features"],"fullName":"ApiProviderContext getModelsForFeature non-video features returns unchanged models for Upscale feature","status":"passed","title":"returns unchanged models for Upscale feature","duration":1.0923999999999978,"failureMessages":[],"meta":{}},{"ancestorTitles":["ApiProviderContext","getModelsForFeature","video features with AIVideoAuto override"],"fullName":"ApiProviderContext getModelsForFeature video features with AIVideoAuto override overrides non-aivideoauto model for Video feature","status":"passed","title":"overrides non-aivideoauto model for Video feature","duration":3.0976000000000568,"failureMessages":[],"meta":{}},{"ancestorTitles":["ApiProviderContext","getModelsForFeature","video features with AIVideoAuto override"],"fullName":"ApiProviderContext getModelsForFeature video features with AIVideoAuto override overrides non-aivideoauto model for GRWMVideo feature","status":"passed","title":"overrides non-aivideoauto model for GRWMVideo feature","duration":1.5561999999999898,"failureMessages":[],"meta":{}},{"ancestorTitles":["ApiProviderContext","getModelsForFeature","video features with AIVideoAuto override"],"fullName":"ApiProviderContext getModelsForFeature video features with AIVideoAuto override overrides non-aivideoauto model for VideoContinuity feature","status":"passed","title":"overrides non-aivideoauto model for VideoContinuity feature","duration":1.3215000000000146,"failureMessages":[],"meta":{}},{"ancestorTitles":["ApiProviderContext","getModelsForFeature","video features with AIVideoAuto override"],"fullName":"ApiProviderContext getModelsForFeature video features with AIVideoAuto override keeps aivideoauto model unchanged for video features","status":"passed","title":"keeps aivideoauto model unchanged for video features","duration":2.1714999999999236,"failureMessages":[],"meta":{}},{"ancestorTitles":["ApiProviderContext","getModelsForFeature","video features with AIVideoAuto override"],"fullName":"ApiProviderContext getModelsForFeature video features with AIVideoAuto override uses first available aivideoauto model when overriding","status":"passed","title":"uses first available aivideoauto model when overriding","duration":1.3149999999998272,"failureMessages":[],"meta":{}},{"ancestorTitles":["ApiProviderContext","getModelsForFeature","video features with no AIVideoAuto models"],"fullName":"ApiProviderContext getModelsForFeature video features with no AIVideoAuto models passes through non-aivideoauto model when no aivideoauto models available","status":"passed","title":"passes through non-aivideoauto model when no aivideoauto models available","duration":1.3152999999999793,"failureMessages":[],"meta":{}},{"ancestorTitles":["ApiProviderContext","getModelsForFeature","video features with no AIVideoAuto models"],"fullName":"ApiProviderContext getModelsForFeature video features with no AIVideoAuto models passes through empty string when no models available","status":"passed","title":"passes through empty string when no models available","duration":1.184099999999944,"failureMessages":[],"meta":{}},{"ancestorTitles":["ApiProviderContext","getModelsForFeature","other models unchanged for video features"],"fullName":"ApiProviderContext getModelsForFeature other models unchanged for video features does not affect imageEditModel for video features","status":"passed","title":"does not affect imageEditModel for video features","duration":1.5494000000001051,"failureMessages":[],"meta":{}},{"ancestorTitles":["ApiProviderContext","getModelsForFeature","other models unchanged for video features"],"fullName":"ApiProviderContext getModelsForFeature other models unchanged for video features does not affect textGenerateModel for video features","status":"passed","title":"does not affect textGenerateModel for video features","duration":1.4497000000001208,"failureMessages":[],"meta":{}},{"ancestorTitles":["ApiProviderContext","combined operations"],"fullName":"ApiProviderContext combined operations handles multiple model updates correctly","status":"passed","title":"handles multiple model updates correctly","duration":1.9833999999998468,"failureMessages":[],"meta":{}},{"ancestorTitles":["ApiProviderContext","combined operations"],"fullName":"ApiProviderContext combined operations getModelsForFeature returns current state after updates","status":"passed","title":"getModelsForFeature returns current state after updates","duration":1.4355000000000473,"failureMessages":[],"meta":{}}],"startTime":1767274490489,"endTime":1767274490569.4355,"status":"passed","message":"","name":"F:/CodeBase/Chang-Store/__tests__/contexts/ApiProviderContext.test.tsx"},{"assertionResults":[{"ancestorTitles":["ImageGalleryContext","useImageGallery hook"],"fullName":"ImageGalleryContext useImageGallery hook throws error when used outside ImageGalleryProvider","status":"passed","title":"throws error when used outside ImageGalleryProvider","duration":17.898699999999963,"failureMessages":[],"meta":{}},{"ancestorTitles":["ImageGalleryContext","useImageGallery hook"],"fullName":"ImageGalleryContext useImageGallery hook returns context value when used within provider","status":"passed","title":"returns context value when used within provider","duration":3.4289000000001124,"failureMessages":[],"meta":{}},{"ancestorTitles":["ImageGalleryContext","addImage"],"fullName":"ImageGalleryContext addImage adds a new image and increases images.length by 1","status":"passed","title":"adds a new image and increases images.length by 1","duration":2.8544999999999163,"failureMessages":[],"meta":{}},{"ancestorTitles":["ImageGalleryContext","addImage"],"fullName":"ImageGalleryContext addImage adds images to the front of the array (newest first)","status":"passed","title":"adds images to the front of the array (newest first)","duration":1.8161999999999807,"failureMessages":[],"meta":{}},{"ancestorTitles":["ImageGalleryContext","addImage"],"fullName":"ImageGalleryContext addImage does not add duplicate image with same base64","status":"passed","title":"does not add duplicate image with same base64","duration":1.953800000000001,"failureMessages":[],"meta":{}},{"ancestorTitles":["ImageGalleryContext","addImage"],"fullName":"ImageGalleryContext addImage does not add duplicate even with different mimeType but same base64","status":"passed","title":"does not add duplicate even with different mimeType but same base64","duration":2.207800000000134,"failureMessages":[],"meta":{}},{"ancestorTitles":["ImageGalleryContext","addImage"],"fullName":"ImageGalleryContext addImage allows images with same mimeType but different base64","status":"passed","title":"allows images with same mimeType but different base64","duration":5.602499999999964,"failureMessages":[],"meta":{}},{"ancestorTitles":["ImageGalleryContext","addImage"],"fullName":"ImageGalleryContext addImage enforces gallery size limit of 20 images","status":"passed","title":"enforces gallery size limit of 20 images","duration":1.8125,"failureMessages":[],"meta":{}},{"ancestorTitles":["ImageGalleryContext","addImage"],"fullName":"ImageGalleryContext addImage keeps newest images when limit exceeded (FIFO eviction)","status":"passed","title":"keeps newest images when limit exceeded (FIFO eviction)","duration":1.8103000000000975,"failureMessages":[],"meta":{}},{"ancestorTitles":["ImageGalleryContext","addImage"],"fullName":"ImageGalleryContext addImage images.length never exceeds 20 even with rapid additions","status":"passed","title":"images.length never exceeds 20 even with rapid additions","duration":2.2754999999999654,"failureMessages":[],"meta":{}},{"ancestorTitles":["ImageGalleryContext","deleteImage"],"fullName":"ImageGalleryContext deleteImage removes image by base64 identifier","status":"passed","title":"removes image by base64 identifier","duration":2.0276000000001204,"failureMessages":[],"meta":{}},{"ancestorTitles":["ImageGalleryContext","deleteImage"],"fullName":"ImageGalleryContext deleteImage does nothing when deleting non-existent base64","status":"passed","title":"does nothing when deleting non-existent base64","duration":1.496599999999944,"failureMessages":[],"meta":{}},{"ancestorTitles":["ImageGalleryContext","deleteImage"],"fullName":"ImageGalleryContext deleteImage deletes from empty array without error","status":"passed","title":"deletes from empty array without error","duration":1.3665000000000873,"failureMessages":[],"meta":{}},{"ancestorTitles":["ImageGalleryContext","deleteImage"],"fullName":"ImageGalleryContext deleteImage deletes correct image when multiple images present","status":"passed","title":"deletes correct image when multiple images present","duration":1.4166999999999916,"failureMessages":[],"meta":{}},{"ancestorTitles":["ImageGalleryContext","clearImages"],"fullName":"ImageGalleryContext clearImages sets images to empty array","status":"passed","title":"sets images to empty array","duration":1.6183000000000902,"failureMessages":[],"meta":{}},{"ancestorTitles":["ImageGalleryContext","clearImages"],"fullName":"ImageGalleryContext clearImages clears empty array without error","status":"passed","title":"clears empty array without error","duration":1.1059000000000196,"failureMessages":[],"meta":{}},{"ancestorTitles":["ImageGalleryContext","clearImages"],"fullName":"ImageGalleryContext clearImages allows adding images after clearing","status":"passed","title":"allows adding images after clearing","duration":1.1990000000000691,"failureMessages":[],"meta":{}},{"ancestorTitles":["ImageGalleryContext","combined operations"],"fullName":"ImageGalleryContext combined operations handles add, delete, clear sequence correctly","status":"passed","title":"handles add, delete, clear sequence correctly","duration":1.8034999999999854,"failureMessages":[],"meta":{}},{"ancestorTitles":["ImageGalleryContext","combined operations"],"fullName":"ImageGalleryContext combined operations re-adding deleted image is allowed","status":"passed","title":"re-adding deleted image is allowed","duration":1.988700000000108,"failureMessages":[],"meta":{}}],"startTime":1767274490446,"endTime":1767274490502.9888,"status":"passed","message":"","name":"F:/CodeBase/Chang-Store/__tests__/contexts/ImageGalleryContext.test.tsx"},{"assertionResults":[{"ancestorTitles":["ImageViewerContext","useImageViewer hook"],"fullName":"ImageViewerContext useImageViewer hook throws error when used outside ImageViewerProvider","status":"passed","title":"throws error when used outside ImageViewerProvider","duration":19.322200000000066,"failureMessages":[],"meta":{}},{"ancestorTitles":["ImageViewerContext","useImageViewer hook"],"fullName":"ImageViewerContext useImageViewer hook returns context value when used within provider","status":"passed","title":"returns context value when used within provider","duration":6.350900000000138,"failureMessages":[],"meta":{}},{"ancestorTitles":["ImageViewerContext","initial state"],"fullName":"ImageViewerContext initial state does not render ImageModal initially","status":"passed","title":"does not render ImageModal initially","duration":14.928699999999935,"failureMessages":[],"meta":{}},{"ancestorTitles":["ImageViewerContext","openImageViewer"],"fullName":"ImageViewerContext openImageViewer shows modal with correct imageUrl when called","status":"passed","title":"shows modal with correct imageUrl when called","duration":12.229299999999967,"failureMessages":[],"meta":{}},{"ancestorTitles":["ImageViewerContext","openImageViewer"],"fullName":"ImageViewerContext openImageViewer constructs correct data URL with different mimeTypes","status":"passed","title":"constructs correct data URL with different mimeTypes","duration":5.043799999999919,"failureMessages":[],"meta":{}},{"ancestorTitles":["ImageViewerContext","closeImageViewer"],"fullName":"ImageViewerContext closeImageViewer closes modal when close button clicked","status":"passed","title":"closes modal when close button clicked","duration":7.057299999999941,"failureMessages":[],"meta":{}},{"ancestorTitles":["ImageViewerContext","navigation with single image in gallery"],"fullName":"ImageViewerContext navigation with single image in gallery does not show navigation buttons when gallery has only one image","status":"passed","title":"does not show navigation buttons when gallery has only one image","duration":3.6230000000000473,"failureMessages":[],"meta":{}},{"ancestorTitles":["ImageViewerContext","navigation with multiple images"],"fullName":"ImageViewerContext navigation with multiple images shows navigation buttons when gallery has multiple images","status":"passed","title":"shows navigation buttons when gallery has multiple images","duration":5.256500000000187,"failureMessages":[],"meta":{}},{"ancestorTitles":["ImageViewerContext","navigation with multiple images"],"fullName":"ImageViewerContext navigation with multiple images navigates to next image when next button clicked","status":"passed","title":"navigates to next image when next button clicked","duration":7.43139999999994,"failureMessages":[],"meta":{}},{"ancestorTitles":["ImageViewerContext","navigation with multiple images"],"fullName":"ImageViewerContext navigation with multiple images navigates to previous image when prev button clicked","status":"passed","title":"navigates to previous image when prev button clicked","duration":6.566199999999981,"failureMessages":[],"meta":{}},{"ancestorTitles":["ImageViewerContext","navigation with multiple images"],"fullName":"ImageViewerContext navigation with multiple images can navigate through all images sequentially","status":"passed","title":"can navigate through all images sequentially","duration":7.3771999999999025,"failureMessages":[],"meta":{}},{"ancestorTitles":["ImageViewerContext","boundary handling"],"fullName":"ImageViewerContext boundary handling canPrev is false on first image","status":"passed","title":"canPrev is false on first image","duration":4.291599999999789,"failureMessages":[],"meta":{}},{"ancestorTitles":["ImageViewerContext","boundary handling"],"fullName":"ImageViewerContext boundary handling canNext is false on last image","status":"passed","title":"canNext is false on last image","duration":3.5773999999998978,"failureMessages":[],"meta":{}},{"ancestorTitles":["ImageViewerContext","boundary handling"],"fullName":"ImageViewerContext boundary handling middle image has both canPrev and canNext as true","status":"passed","title":"middle image has both canPrev and canNext as true","duration":7.733399999999847,"failureMessages":[],"meta":{}},{"ancestorTitles":["ImageViewerContext","boundary handling"],"fullName":"ImageViewerContext boundary handling does not navigate past first image","status":"passed","title":"does not navigate past first image","duration":3.2101000000000113,"failureMessages":[],"meta":{}},{"ancestorTitles":["ImageViewerContext","boundary handling"],"fullName":"ImageViewerContext boundary handling does not navigate past last image","status":"passed","title":"does not navigate past last image","duration":2.527900000000045,"failureMessages":[],"meta":{}},{"ancestorTitles":["ImageViewerContext","image not in gallery"],"fullName":"ImageViewerContext image not in gallery navigation is disabled when current image is not in gallery","status":"passed","title":"navigation is disabled when current image is not in gallery","duration":2.712600000000066,"failureMessages":[],"meta":{}},{"ancestorTitles":["ImageViewerContext","image not in gallery"],"fullName":"ImageViewerContext image not in gallery navigation is disabled when gallery is empty","status":"passed","title":"navigation is disabled when gallery is empty","duration":2.4495999999999185,"failureMessages":[],"meta":{}},{"ancestorTitles":["ImageViewerContext","edge cases"],"fullName":"ImageViewerContext edge cases handles opening different images sequentially","status":"passed","title":"handles opening different images sequentially","duration":8.056499999999915,"failureMessages":[],"meta":{}},{"ancestorTitles":["ImageViewerContext","edge cases"],"fullName":"ImageViewerContext edge cases handles opening new image while modal is already open","status":"passed","title":"handles opening new image while modal is already open","duration":3.344100000000026,"failureMessages":[],"meta":{}},{"ancestorTitles":["ImageViewerContext","edge cases"],"fullName":"ImageViewerContext edge cases provider renders children correctly","status":"passed","title":"provider renders children correctly","duration":0.8736999999998716,"failureMessages":[],"meta":{}},{"ancestorTitles":["ImageViewerContext","edge cases"],"fullName":"ImageViewerContext edge cases two-image gallery with navigation from first to second and back","status":"passed","title":"two-image gallery with navigation from first to second and back","duration":3.8170000000000073,"failureMessages":[],"meta":{}}],"startTime":1767274490488,"endTime":1767274490626.817,"status":"passed","message":"","name":"F:/CodeBase/Chang-Store/__tests__/contexts/ImageViewerContext.test.tsx"},{"assertionResults":[{"ancestorTitles":["LanguageContext","useLanguage hook"],"fullName":"LanguageContext useLanguage hook throws error when used outside LanguageProvider","status":"passed","title":"throws error when used outside LanguageProvider","duration":20.062400000000025,"failureMessages":[],"meta":{}},{"ancestorTitles":["LanguageContext","useLanguage hook"],"fullName":"LanguageContext useLanguage hook returns context value when used within LanguageProvider","status":"passed","title":"returns context value when used within LanguageProvider","duration":9.025100000000066,"failureMessages":[],"meta":{}},{"ancestorTitles":["LanguageContext","t() function - simple key lookup"],"fullName":"LanguageContext t() function - simple key lookup returns translation for simple nested key","status":"passed","title":"returns translation for simple nested key","duration":2.15949999999998,"failureMessages":[],"meta":{}},{"ancestorTitles":["LanguageContext","t() function - simple key lookup"],"fullName":"LanguageContext t() function - simple key lookup returns translation for deeply nested key","status":"passed","title":"returns translation for deeply nested key","duration":1.9402999999999793,"failureMessages":[],"meta":{}},{"ancestorTitles":["LanguageContext","t() function - simple key lookup"],"fullName":"LanguageContext t() function - simple key lookup returns key itself when translation is not found","status":"passed","title":"returns key itself when translation is not found","duration":2.6691000000000713,"failureMessages":[],"meta":{}},{"ancestorTitles":["LanguageContext","t() function - simple key lookup"],"fullName":"LanguageContext t() function - simple key lookup returns key for partially valid path","status":"passed","title":"returns key for partially valid path","duration":1.7590999999999894,"failureMessages":[],"meta":{}},{"ancestorTitles":["LanguageContext","t() function - interpolation"],"fullName":"LanguageContext t() function - interpolation interpolates single placeholder correctly","status":"passed","title":"interpolates single placeholder correctly","duration":1.3773999999998523,"failureMessages":[],"meta":{}},{"ancestorTitles":["LanguageContext","t() function - interpolation"],"fullName":"LanguageContext t() function - interpolation interpolates placeholder with string value","status":"passed","title":"interpolates placeholder with string value","duration":1.4242999999999029,"failureMessages":[],"meta":{}},{"ancestorTitles":["LanguageContext","t() function - interpolation"],"fullName":"LanguageContext t() function - interpolation interpolates multiple placeholders in same string","status":"passed","title":"interpolates multiple placeholders in same string","duration":1.580199999999877,"failureMessages":[],"meta":{}},{"ancestorTitles":["LanguageContext","t() function - interpolation"],"fullName":"LanguageContext t() function - interpolation handles numeric value interpolation","status":"passed","title":"handles numeric value interpolation","duration":1.3540000000000418,"failureMessages":[],"meta":{}},{"ancestorTitles":["LanguageContext","t() function - interpolation"],"fullName":"LanguageContext t() function - interpolation handles multiple same placeholders (replaced globally)","status":"passed","title":"handles multiple same placeholders (replaced globally)","duration":1.2672999999999774,"failureMessages":[],"meta":{}},{"ancestorTitles":["LanguageContext","t() function - returnObjects mode"],"fullName":"LanguageContext t() function - returnObjects mode returns array when returnObjects is true","status":"passed","title":"returns array when returnObjects is true","duration":1.9021999999999935,"failureMessages":[],"meta":{}},{"ancestorTitles":["LanguageContext","t() function - returnObjects mode"],"fullName":"LanguageContext t() function - returnObjects mode returns empty array when key not found with returnObjects","status":"passed","title":"returns empty array when key not found with returnObjects","duration":1.207300000000032,"failureMessages":[],"meta":{}},{"ancestorTitles":["LanguageContext","t() function - returnObjects mode"],"fullName":"LanguageContext t() function - returnObjects mode returns object when key points to object with returnObjects","status":"passed","title":"returns object when key points to object with returnObjects","duration":0.9386999999999261,"failureMessages":[],"meta":{}},{"ancestorTitles":["LanguageContext","t() function - edge cases"],"fullName":"LanguageContext t() function - edge cases handles empty string key","status":"passed","title":"handles empty string key","duration":0.8474999999998545,"failureMessages":[],"meta":{}},{"ancestorTitles":["LanguageContext","t() function - edge cases"],"fullName":"LanguageContext t() function - edge cases returns non-string value as-is (object without returnObjects)","status":"passed","title":"returns non-string value as-is (object without returnObjects)","duration":0.7621000000001459,"failureMessages":[],"meta":{}},{"ancestorTitles":["LanguageContext","t() function - edge cases"],"fullName":"LanguageContext t() function - edge cases handles options with no matching placeholders gracefully","status":"passed","title":"handles options with no matching placeholders gracefully","duration":0.8546999999998661,"failureMessages":[],"meta":{}},{"ancestorTitles":["LanguageContext","setLanguage function"],"fullName":"LanguageContext setLanguage function allows setting language (currently only en supported)","status":"passed","title":"allows setting language (currently only en supported)","duration":1.1124999999999545,"failureMessages":[],"meta":{}},{"ancestorTitles":["LanguageContext","translations object"],"fullName":"LanguageContext translations object exposes full translations object","status":"passed","title":"exposes full translations object","duration":0.8891000000000986,"failureMessages":[],"meta":{}},{"ancestorTitles":["LanguageContext","translations object"],"fullName":"LanguageContext translations object translations object matches current language","status":"passed","title":"translations object matches current language","duration":0.9652999999998428,"failureMessages":[],"meta":{}}],"startTime":1767274490489,"endTime":1767274490543.9653,"status":"passed","message":"","name":"F:/CodeBase/Chang-Store/__tests__/contexts/LanguageContext.test.tsx"},{"assertionResults":[{"ancestorTitles":["listModels"],"fullName":"listModels should return models with existing id_base","status":"passed","title":"should return models with existing id_base","duration":5.106700000000046,"failureMessages":[],"meta":{}},{"ancestorTitles":["listModels"],"fullName":"listModels should polyfill id_base when missing using id field","status":"passed","title":"should polyfill id_base when missing using id field","duration":0.7969000000000506,"failureMessages":[],"meta":{}},{"ancestorTitles":["listModels"],"fullName":"listModels should polyfill id_base from _id field","status":"passed","title":"should polyfill id_base from _id field","duration":0.65949999999998,"failureMessages":[],"meta":{}},{"ancestorTitles":["listModels"],"fullName":"listModels should polyfill id_base from model field","status":"passed","title":"should polyfill id_base from model field","duration":0.5457000000001244,"failureMessages":[],"meta":{}},{"ancestorTitles":["listModels"],"fullName":"listModels should generate id_base when no fallback fields available","status":"passed","title":"should generate id_base when no fallback fields available","duration":0.7627999999999702,"failureMessages":[],"meta":{}},{"ancestorTitles":["listModels"],"fullName":"listModels should return empty array when data is not an array","status":"passed","title":"should return empty array when data is not an array","duration":0.7669000000000779,"failureMessages":[],"meta":{}},{"ancestorTitles":["listModels"],"fullName":"listModels should handle null data gracefully","status":"passed","title":"should handle null data gracefully","duration":0.5282999999999447,"failureMessages":[],"meta":{}},{"ancestorTitles":["listModels"],"fullName":"listModels should throw error when API fails","status":"passed","title":"should throw error when API fails","duration":5.883499999999913,"failureMessages":[],"meta":{}},{"ancestorTitles":["uploadImage"],"fullName":"uploadImage should extract id_base and url from direct properties","status":"passed","title":"should extract id_base and url from direct properties","duration":1.112500000000182,"failureMessages":[],"meta":{}},{"ancestorTitles":["uploadImage"],"fullName":"uploadImage should extract from imageInfo property","status":"passed","title":"should extract from imageInfo property","duration":0.6356000000000677,"failureMessages":[],"meta":{}},{"ancestorTitles":["uploadImage"],"fullName":"uploadImage should extract from data property","status":"passed","title":"should extract from data property","duration":0.5015000000000782,"failureMessages":[],"meta":{}},{"ancestorTitles":["uploadImage"],"fullName":"uploadImage should throw error when id_base is missing","status":"passed","title":"should throw error when id_base is missing","duration":0.7427000000000135,"failureMessages":[],"meta":{}},{"ancestorTitles":["uploadImage"],"fullName":"uploadImage should throw error when url is missing","status":"passed","title":"should throw error when url is missing","duration":0.7182999999999993,"failureMessages":[],"meta":{}},{"ancestorTitles":["uploadImage"],"fullName":"uploadImage should strip data URL prefix before upload","status":"passed","title":"should strip data URL prefix before upload","duration":2.394800000000032,"failureMessages":[],"meta":{}},{"ancestorTitles":["uploadImage"],"fullName":"uploadImage should handle raw base64 without prefix","status":"passed","title":"should handle raw base64 without prefix","duration":0.5804000000000542,"failureMessages":[],"meta":{}},{"ancestorTitles":["createImage"],"fullName":"createImage should complete full image generation flow","status":"passed","title":"should complete full image generation flow","duration":6.917299999999841,"failureMessages":[],"meta":{}},{"ancestorTitles":["createImage"],"fullName":"createImage should throw error when no image ID returned","status":"passed","title":"should throw error when no image ID returned","duration":0.6033999999999651,"failureMessages":[],"meta":{}},{"ancestorTitles":["createImage"],"fullName":"createImage should throw error when image status is ERROR","status":"passed","title":"should throw error when image status is ERROR","duration":1.4967999999998938,"failureMessages":[],"meta":{}},{"ancestorTitles":["createImage"],"fullName":"createImage should throw timeout error after max attempts","status":"passed","title":"should throw timeout error after max attempts","duration":2.8367000000000644,"failureMessages":[],"meta":{}},{"ancestorTitles":["createImage"],"fullName":"createImage should create image without subjects","status":"passed","title":"should create image without subjects","duration":1.311100000000124,"failureMessages":[],"meta":{}},{"ancestorTitles":["createVideoTask"],"fullName":"createVideoTask should return video ID on success","status":"passed","title":"should return video ID on success","duration":0.519800000000032,"failureMessages":[],"meta":{}},{"ancestorTitles":["createVideoTask"],"fullName":"createVideoTask should throw error when videoInfo is missing","status":"passed","title":"should throw error when videoInfo is missing","duration":0.3182999999999083,"failureMessages":[],"meta":{}},{"ancestorTitles":["createVideoTask"],"fullName":"createVideoTask should throw error when videoInfo.id_base is missing","status":"passed","title":"should throw error when videoInfo.id_base is missing","duration":0.23820000000000618,"failureMessages":[],"meta":{}},{"ancestorTitles":["pollForVideo"],"fullName":"pollForVideo should return download URL after successful polling","status":"passed","title":"should return download URL after successful polling","duration":1.0223000000000866,"failureMessages":[],"meta":{}},{"ancestorTitles":["pollForVideo"],"fullName":"pollForVideo should throw timeout error after 60 attempts","status":"passed","title":"should throw timeout error after 60 attempts","duration":0.9286999999999352,"failureMessages":[],"meta":{}},{"ancestorTitles":["pollForVideo"],"fullName":"pollForVideo should throw error when video status is FAILED","status":"passed","title":"should throw error when video status is FAILED","duration":0.9636000000000422,"failureMessages":[],"meta":{}},{"ancestorTitles":["pollForVideo"],"fullName":"pollForVideo should throw error when success but no download_url","status":"passed","title":"should throw error when success but no download_url","duration":0.8753999999998996,"failureMessages":[],"meta":{}},{"ancestorTitles":["pollForVideo"],"fullName":"pollForVideo should throw error when status is not a string","status":"passed","title":"should throw error when status is not a string","duration":1.2718999999999596,"failureMessages":[],"meta":{}},{"ancestorTitles":["pollForVideo"],"fullName":"pollForVideo should handle response nested in data property","status":"passed","title":"should handle response nested in data property","duration":0.4474999999999909,"failureMessages":[],"meta":{}},{"ancestorTitles":["pollForVideo"],"fullName":"pollForVideo should propagate network errors","status":"passed","title":"should propagate network errors","duration":1.0437999999999192,"failureMessages":[],"meta":{}},{"ancestorTitles":["pollForVideo"],"fullName":"pollForVideo should strip status prefix when calling onStatusUpdate","status":"passed","title":"should strip status prefix when calling onStatusUpdate","duration":0.7115000000001146,"failureMessages":[],"meta":{}}],"startTime":1767274490322,"endTime":1767274490365.7114,"status":"passed","message":"","name":"F:/CodeBase/Chang-Store/__tests__/services/aivideoautoService.test.ts"},{"assertionResults":[{"ancestorTitles":["apiClient","setGeminiApiKey"],"fullName":"apiClient setGeminiApiKey should set a custom API key","status":"passed","title":"should set a custom API key","duration":1.0166000000000395,"failureMessages":[],"meta":{}},{"ancestorTitles":["apiClient","setGeminiApiKey"],"fullName":"apiClient setGeminiApiKey should clear the client instance when setting a new key","status":"passed","title":"should clear the client instance when setting a new key","duration":2.796699999999987,"failureMessages":[],"meta":{}},{"ancestorTitles":["apiClient","setGeminiApiKey"],"fullName":"apiClient setGeminiApiKey should allow clearing the custom key by passing null","status":"passed","title":"should allow clearing the custom key by passing null","duration":0.3850999999999658,"failureMessages":[],"meta":{}},{"ancestorTitles":["apiClient","getActiveApiKey"],"fullName":"apiClient getActiveApiKey should return custom API key when set","status":"passed","title":"should return custom API key when set","duration":0.3607000000000653,"failureMessages":[],"meta":{}},{"ancestorTitles":["apiClient","getActiveApiKey"],"fullName":"apiClient getActiveApiKey should return environment variable when no custom key is set","status":"passed","title":"should return environment variable when no custom key is set","duration":0.27920000000005984,"failureMessages":[],"meta":{}},{"ancestorTitles":["apiClient","getActiveApiKey"],"fullName":"apiClient getActiveApiKey should throw error when no API key is configured","status":"passed","title":"should throw error when no API key is configured","duration":0.8722999999999956,"failureMessages":[],"meta":{}},{"ancestorTitles":["apiClient","getActiveApiKey"],"fullName":"apiClient getActiveApiKey should prioritize custom key over environment variable","status":"passed","title":"should prioritize custom key over environment variable","duration":0.25900000000001455,"failureMessages":[],"meta":{}},{"ancestorTitles":["apiClient","getGeminiClient"],"fullName":"apiClient getGeminiClient should create a new GoogleGenAI instance with the active API key","status":"passed","title":"should create a new GoogleGenAI instance with the active API key","duration":0.5233000000000629,"failureMessages":[],"meta":{}},{"ancestorTitles":["apiClient","getGeminiClient"],"fullName":"apiClient getGeminiClient should return the same instance on subsequent calls (singleton pattern)","status":"passed","title":"should return the same instance on subsequent calls (singleton pattern)","duration":0.38049999999998363,"failureMessages":[],"meta":{}},{"ancestorTitles":["apiClient","getGeminiClient"],"fullName":"apiClient getGeminiClient should create new instance after reinitializeGeminiClient is called","status":"passed","title":"should create new instance after reinitializeGeminiClient is called","duration":0.3469000000000051,"failureMessages":[],"meta":{}},{"ancestorTitles":["apiClient","getGeminiClient"],"fullName":"apiClient getGeminiClient should throw error if no API key is available","status":"passed","title":"should throw error if no API key is available","duration":0.21529999999995653,"failureMessages":[],"meta":{}},{"ancestorTitles":["apiClient","getGeminiClient"],"fullName":"apiClient getGeminiClient should use env key when no custom key is set","status":"passed","title":"should use env key when no custom key is set","duration":0.20420000000001437,"failureMessages":[],"meta":{}},{"ancestorTitles":["apiClient","reinitializeGeminiClient"],"fullName":"apiClient reinitializeGeminiClient should clear the cached client instance","status":"passed","title":"should clear the cached client instance","duration":0.3371999999999389,"failureMessages":[],"meta":{}},{"ancestorTitles":["apiClient","reinitializeGeminiClient"],"fullName":"apiClient reinitializeGeminiClient should not throw when called with no existing instance","status":"passed","title":"should not throw when called with no existing instance","duration":0.26080000000001746,"failureMessages":[],"meta":{}},{"ancestorTitles":["apiClient","reinitializeGeminiClient"],"fullName":"apiClient reinitializeGeminiClient should allow key change to take effect after reinitialization","status":"passed","title":"should allow key change to take effect after reinitialization","duration":0.15830000000005384,"failureMessages":[],"meta":{}},{"ancestorTitles":["apiClient","integration scenarios"],"fullName":"apiClient integration scenarios should handle complete key rotation workflow","status":"passed","title":"should handle complete key rotation workflow","duration":0.39429999999993015,"failureMessages":[],"meta":{}},{"ancestorTitles":["apiClient","integration scenarios"],"fullName":"apiClient integration scenarios should maintain singleton between getGeminiClient calls without key changes","status":"passed","title":"should maintain singleton between getGeminiClient calls without key changes","duration":0.258199999999988,"failureMessages":[],"meta":{}}],"startTime":1767274491194,"endTime":1767274491204.3943,"status":"passed","message":"","name":"F:/CodeBase/Chang-Store/__tests__/services/apiClient.test.ts"},{"assertionResults":[{"ancestorTitles":["editImage","Gemini routing (gemini-* models)"],"fullName":"editImage Gemini routing (gemini-* models) should route to gemini/image.editImage for gemini-* models","status":"passed","title":"should route to gemini/image.editImage for gemini-* models","duration":2.07669999999996,"failureMessages":[],"meta":{}},{"ancestorTitles":["editImage","Gemini routing (gemini-* models)"],"fullName":"editImage Gemini routing (gemini-* models) should propagate errors from gemini service","status":"passed","title":"should propagate errors from gemini service","duration":1.073500000000081,"failureMessages":[],"meta":{}},{"ancestorTitles":["editImage","AIVideoAuto routing (aivideoauto--* models)"],"fullName":"editImage AIVideoAuto routing (aivideoauto--* models) should route to aivideoautoService.createImage for aivideoauto--* models","status":"passed","title":"should route to aivideoautoService.createImage for aivideoauto--* models","duration":1.4834000000000742,"failureMessages":[],"meta":{}},{"ancestorTitles":["editImage","AIVideoAuto routing (aivideoauto--* models)"],"fullName":"editImage AIVideoAuto routing (aivideoauto--* models) should throw error.api.aivideoautoAuth when aivideoauto token is null","status":"passed","title":"should throw error.api.aivideoautoAuth when aivideoauto token is null","duration":0.2581000000000131,"failureMessages":[],"meta":{}},{"ancestorTitles":["editImage","AIVideoAuto routing (aivideoauto--* models)"],"fullName":"editImage AIVideoAuto routing (aivideoauto--* models) should throw error when aivideoauto model ID is invalid","status":"passed","title":"should throw error when aivideoauto model ID is invalid","duration":0.2558999999999969,"failureMessages":[],"meta":{}},{"ancestorTitles":["editImage","AIVideoAuto routing (aivideoauto--* models)"],"fullName":"editImage AIVideoAuto routing (aivideoauto--* models) should propagate errors from aivideoauto service","status":"passed","title":"should propagate errors from aivideoauto service","duration":0.2639000000000351,"failureMessages":[],"meta":{}},{"ancestorTitles":["editImage","AIVideoAuto routing (aivideoauto--* models)"],"fullName":"editImage AIVideoAuto routing (aivideoauto--* models) should map aspect ratio correctly for aivideoauto","status":"passed","title":"should map aspect ratio correctly for aivideoauto","duration":0.2744999999999891,"failureMessages":[],"meta":{}},{"ancestorTitles":["editImage","AIVideoAuto routing (aivideoauto--* models)"],"fullName":"editImage AIVideoAuto routing (aivideoauto--* models) should generate multiple images for aivideoauto when numberOfImages > 1","status":"passed","title":"should generate multiple images for aivideoauto when numberOfImages > 1","duration":0.3913000000000011,"failureMessages":[],"meta":{}},{"ancestorTitles":["generateImage"],"fullName":"generateImage should route to gemini/image.generateImageFromText for gemini models","status":"passed","title":"should route to gemini/image.generateImageFromText for gemini models","duration":0.3047000000000253,"failureMessages":[],"meta":{}},{"ancestorTitles":["generateImage"],"fullName":"generateImage should route to aivideoauto via editImage for aivideoauto models","status":"passed","title":"should route to aivideoauto via editImage for aivideoauto models","duration":0.3686999999999898,"failureMessages":[],"meta":{}},{"ancestorTitles":["upscaleImage"],"fullName":"upscaleImage should route to gemini/image.upscaleImage for gemini models","status":"passed","title":"should route to gemini/image.upscaleImage for gemini models","duration":0.22010000000000218,"failureMessages":[],"meta":{}},{"ancestorTitles":["upscaleImage"],"fullName":"upscaleImage should route to aivideoauto editImage for aivideoauto models","status":"passed","title":"should route to aivideoauto editImage for aivideoauto models","duration":0.4198999999999842,"failureMessages":[],"meta":{}},{"ancestorTitles":["extractOutfitItem"],"fullName":"extractOutfitItem should route to gemini/image.extractOutfitItem for gemini models","status":"passed","title":"should route to gemini/image.extractOutfitItem for gemini models","duration":0.23050000000000637,"failureMessages":[],"meta":{}},{"ancestorTitles":["extractOutfitItem"],"fullName":"extractOutfitItem should route to aivideoauto for aivideoauto models","status":"passed","title":"should route to aivideoauto for aivideoauto models","duration":0.25509999999997035,"failureMessages":[],"meta":{}},{"ancestorTitles":["critiqueAndRedesignOutfit"],"fullName":"critiqueAndRedesignOutfit should route to gemini/image.critiqueAndRedesignOutfit for gemini models","status":"passed","title":"should route to gemini/image.critiqueAndRedesignOutfit for gemini models","duration":0.22820000000001528,"failureMessages":[],"meta":{}},{"ancestorTitles":["critiqueAndRedesignOutfit"],"fullName":"critiqueAndRedesignOutfit should use gemini for critique and aivideoauto for image for aivideoauto models","status":"passed","title":"should use gemini for critique and aivideoauto for image for aivideoauto models","duration":0.25,"failureMessages":[],"meta":{}},{"ancestorTitles":["generateVideo"],"fullName":"generateVideo should route to gemini/video.generateVideo for gemini models","status":"passed","title":"should route to gemini/video.generateVideo for gemini models","duration":0.22800000000006548,"failureMessages":[],"meta":{}},{"ancestorTitles":["generateVideo"],"fullName":"generateVideo should throw error when reference image is missing for gemini","status":"passed","title":"should throw error when reference image is missing for gemini","duration":0.17080000000009932,"failureMessages":[],"meta":{}},{"ancestorTitles":["generateVideo"],"fullName":"generateVideo should route to aivideoauto for aivideoauto--* models","status":"passed","title":"should route to aivideoauto for aivideoauto--* models","duration":0.3102999999999838,"failureMessages":[],"meta":{}},{"ancestorTitles":["generateVideo"],"fullName":"generateVideo should throw error.api.aivideoautoAuth when aivideoauto token is null","status":"passed","title":"should throw error.api.aivideoautoAuth when aivideoauto token is null","duration":0.1835999999999558,"failureMessages":[],"meta":{}},{"ancestorTitles":["generateVideo"],"fullName":"generateVideo should throw error when reference image is missing for aivideoauto","status":"passed","title":"should throw error when reference image is missing for aivideoauto","duration":0.1592999999999165,"failureMessages":[],"meta":{}},{"ancestorTitles":["generateVideo"],"fullName":"generateVideo should throw error when aivideoauto video model ID is invalid","status":"passed","title":"should throw error when aivideoauto video model ID is invalid","duration":0.15550000000007458,"failureMessages":[],"meta":{}},{"ancestorTitles":["recreateImageWithFace"],"fullName":"recreateImageWithFace should call editImage with constructed prompt and return result","status":"passed","title":"should call editImage with constructed prompt and return result","duration":0.4435999999999467,"failureMessages":[],"meta":{}},{"ancestorTitles":["recreateImageWithFace"],"fullName":"recreateImageWithFace should use explicit aspect ratio when provided","status":"passed","title":"should use explicit aspect ratio when provided","duration":0.17449999999996635,"failureMessages":[],"meta":{}},{"ancestorTitles":["recreateImageWithFace"],"fullName":"recreateImageWithFace should detect aspect ratio from style image when not provided","status":"passed","title":"should detect aspect ratio from style image when not provided","duration":0.1935000000000855,"failureMessages":[],"meta":{}},{"ancestorTitles":["recreateImageWithFace"],"fullName":"recreateImageWithFace should throw error when image recreation fails","status":"passed","title":"should throw error when image recreation fails","duration":0.2156999999999698,"failureMessages":[],"meta":{}}],"startTime":1767274491180,"endTime":1767274491191.2158,"status":"passed","message":"","name":"F:/CodeBase/Chang-Store/__tests__/services/imageEditingService.test.ts"},{"assertionResults":[{"ancestorTitles":["getErrorMessage","standard Error objects"],"fullName":"getErrorMessage standard Error objects should translate simple error message key","status":"passed","title":"should translate simple error message key","duration":3.9511999999999716,"failureMessages":[],"meta":{}},{"ancestorTitles":["getErrorMessage","standard Error objects"],"fullName":"getErrorMessage standard Error objects should return raw message as default when key not found","status":"passed","title":"should return raw message as default when key not found","duration":0.6838000000000193,"failureMessages":[],"meta":{}},{"ancestorTitles":["getErrorMessage","API-specific error patterns"],"fullName":"getErrorMessage API-specific error patterns should extract reason from error.api.textOnlyResponse pattern","status":"passed","title":"should extract reason from error.api.textOnlyResponse pattern","duration":0.5313999999998487,"failureMessages":[],"meta":{}},{"ancestorTitles":["getErrorMessage","API-specific error patterns"],"fullName":"getErrorMessage API-specific error patterns should extract reason from error.api.geminiFailed pattern","status":"passed","title":"should extract reason from error.api.geminiFailed pattern","duration":0.5229000000001633,"failureMessages":[],"meta":{}},{"ancestorTitles":["getErrorMessage","API-specific error patterns"],"fullName":"getErrorMessage API-specific error patterns should extract reason from error.api.aivideoautoFailed pattern","status":"passed","title":"should extract reason from error.api.aivideoautoFailed pattern","duration":0.4498999999998432,"failureMessages":[],"meta":{}},{"ancestorTitles":["getErrorMessage","API-specific error patterns"],"fullName":"getErrorMessage API-specific error patterns should handle empty reason after colon","status":"passed","title":"should handle empty reason after colon","duration":0.3712000000000444,"failureMessages":[],"meta":{}},{"ancestorTitles":["getErrorMessage","API-specific error patterns"],"fullName":"getErrorMessage API-specific error patterns should handle reason with multiple colons","status":"passed","title":"should handle reason with multiple colons","duration":0.2846999999999298,"failureMessages":[],"meta":{}},{"ancestorTitles":["getErrorMessage","non-Error objects"],"fullName":"getErrorMessage non-Error objects should return error.unknown for null","status":"passed","title":"should return error.unknown for null","duration":0.287900000000036,"failureMessages":[],"meta":{}},{"ancestorTitles":["getErrorMessage","non-Error objects"],"fullName":"getErrorMessage non-Error objects should return error.unknown for undefined","status":"passed","title":"should return error.unknown for undefined","duration":0.3509999999998854,"failureMessages":[],"meta":{}},{"ancestorTitles":["getErrorMessage","non-Error objects"],"fullName":"getErrorMessage non-Error objects should return error.unknown for string","status":"passed","title":"should return error.unknown for string","duration":0.40950000000020736,"failureMessages":[],"meta":{}},{"ancestorTitles":["getErrorMessage","non-Error objects"],"fullName":"getErrorMessage non-Error objects should return error.unknown for number","status":"passed","title":"should return error.unknown for number","duration":0.28899999999998727,"failureMessages":[],"meta":{}},{"ancestorTitles":["getErrorMessage","non-Error objects"],"fullName":"getErrorMessage non-Error objects should return error.unknown for plain object","status":"passed","title":"should return error.unknown for plain object","duration":0.30349999999998545,"failureMessages":[],"meta":{}},{"ancestorTitles":["blobToBase64"],"fullName":"blobToBase64 should convert blob to base64 string","status":"passed","title":"should convert blob to base64 string","duration":7.010099999999966,"failureMessages":[],"meta":{}},{"ancestorTitles":["blobToBase64"],"fullName":"blobToBase64 should handle image blob correctly","status":"passed","title":"should handle image blob correctly","duration":15.54600000000005,"failureMessages":[],"meta":{}},{"ancestorTitles":["blobToBase64"],"fullName":"blobToBase64 should reject when result is not a string","status":"passed","title":"should reject when result is not a string","duration":16.81230000000005,"failureMessages":[],"meta":{}},{"ancestorTitles":["blobToBase64"],"fullName":"blobToBase64 should reject when FileReader encounters an error","status":"passed","title":"should reject when FileReader encounters an error","duration":14.297199999999975,"failureMessages":[],"meta":{}},{"ancestorTitles":["blobToBase64"],"fullName":"blobToBase64 should handle ArrayBuffer result as rejection","status":"passed","title":"should handle ArrayBuffer result as rejection","duration":15.509399999999914,"failureMessages":[],"meta":{}},{"ancestorTitles":["getImageDimensions"],"fullName":"getImageDimensions should resolve with image dimensions on successful load","status":"passed","title":"should resolve with image dimensions on successful load","duration":15.070600000000013,"failureMessages":[],"meta":{}},{"ancestorTitles":["getImageDimensions"],"fullName":"getImageDimensions should set correct src data URL","status":"passed","title":"should set correct src data URL","duration":15.330200000000104,"failureMessages":[],"meta":{}},{"ancestorTitles":["getImageDimensions"],"fullName":"getImageDimensions should handle different image dimensions","status":"passed","title":"should handle different image dimensions","duration":5.633099999999786,"failureMessages":[],"meta":{}},{"ancestorTitles":["getImageDimensions"],"fullName":"getImageDimensions should reject with error when image fails to load","status":"passed","title":"should reject with error when image fails to load","duration":11.087199999999939,"failureMessages":[],"meta":{}},{"ancestorTitles":["getImageDimensions"],"fullName":"getImageDimensions should handle square images","status":"passed","title":"should handle square images","duration":14.511200000000144,"failureMessages":[],"meta":{}},{"ancestorTitles":["getImageDimensions"],"fullName":"getImageDimensions should handle portrait orientation images","status":"passed","title":"should handle portrait orientation images","duration":15.707300000000032,"failureMessages":[],"meta":{}},{"ancestorTitles":["getImageDimensions"],"fullName":"getImageDimensions should handle very small images","status":"passed","title":"should handle very small images","duration":15.471300000000156,"failureMessages":[],"meta":{}},{"ancestorTitles":["getImageDimensions"],"fullName":"getImageDimensions should handle very large images","status":"passed","title":"should handle very large images","duration":15.138599999999997,"failureMessages":[],"meta":{}}],"startTime":1767274490393,"endTime":1767274490579.1387,"status":"passed","message":"","name":"F:/CodeBase/Chang-Store/__tests__/utils/imageUtils.test.ts"},{"assertionResults":[{"ancestorTitles":["useLookbookGenerator","Initial State"],"fullName":"useLookbookGenerator Initial State should return correct initial state","status":"passed","title":"should return correct initial state","duration":18.183899999999994,"failureMessages":[],"meta":{}},{"ancestorTitles":["useLookbookGenerator","Initial State"],"fullName":"useLookbookGenerator Initial State should load saved draft from localStorage","status":"passed","title":"should load saved draft from localStorage","duration":2.5925999999999476,"failureMessages":[],"meta":{}},{"ancestorTitles":["useLookbookGenerator","Initial State"],"fullName":"useLookbookGenerator Initial State should handle corrupted localStorage gracefully","status":"passed","title":"should handle corrupted localStorage gracefully","duration":1.9206000000001495,"failureMessages":[],"meta":{}},{"ancestorTitles":["useLookbookGenerator","Form Updates"],"fullName":"useLookbookGenerator Form Updates should update form state correctly","status":"passed","title":"should update form state correctly","duration":3.114699999999857,"failureMessages":[],"meta":{}},{"ancestorTitles":["useLookbookGenerator","Form Updates"],"fullName":"useLookbookGenerator Form Updates should persist form changes to localStorage","status":"passed","title":"should persist form changes to localStorage","duration":5.563499999999976,"failureMessages":[],"meta":{}},{"ancestorTitles":["useLookbookGenerator","Form Updates"],"fullName":"useLookbookGenerator Form Updates should update variation count","status":"passed","title":"should update variation count","duration":2.6013000000000375,"failureMessages":[],"meta":{}},{"ancestorTitles":["useLookbookGenerator","Form Updates"],"fullName":"useLookbookGenerator Form Updates should change active output tab","status":"passed","title":"should change active output tab","duration":1.6468999999999596,"failureMessages":[],"meta":{}},{"ancestorTitles":["useLookbookGenerator","handleGenerateDescription"],"fullName":"useLookbookGenerator handleGenerateDescription should show error when no clothing image is provided","status":"passed","title":"should show error when no clothing image is provided","duration":2.174299999999903,"failureMessages":[],"meta":{}},{"ancestorTitles":["useLookbookGenerator","handleGenerateDescription"],"fullName":"useLookbookGenerator handleGenerateDescription should generate description successfully","status":"passed","title":"should generate description successfully","duration":4.110599999999977,"failureMessages":[],"meta":{}},{"ancestorTitles":["useLookbookGenerator","handleGenerateDescription"],"fullName":"useLookbookGenerator handleGenerateDescription should handle description generation error","status":"passed","title":"should handle description generation error","duration":4.20659999999998,"failureMessages":[],"meta":{}},{"ancestorTitles":["useLookbookGenerator","handleGenerateDescription"],"fullName":"useLookbookGenerator handleGenerateDescription should show loading state during description generation","status":"passed","title":"should show loading state during description generation","duration":2.8497999999999593,"failureMessages":[],"meta":{}},{"ancestorTitles":["useLookbookGenerator","handleGenerate"],"fullName":"useLookbookGenerator handleGenerate should show error when no clothing images provided","status":"passed","title":"should show error when no clothing images provided","duration":1.8304000000000542,"failureMessages":[],"meta":{}},{"ancestorTitles":["useLookbookGenerator","handleGenerate"],"fullName":"useLookbookGenerator handleGenerate should validate aivideoauto token requirement exists in hook","status":"passed","title":"should validate aivideoauto token requirement exists in hook","duration":6.482400000000098,"failureMessages":[],"meta":{}},{"ancestorTitles":["useLookbookGenerator","handleGenerate"],"fullName":"useLookbookGenerator handleGenerate should generate main lookbook image successfully","status":"passed","title":"should generate main lookbook image successfully","duration":3.6668999999999414,"failureMessages":[],"meta":{}},{"ancestorTitles":["useLookbookGenerator","handleGenerate"],"fullName":"useLookbookGenerator handleGenerate should handle generation error","status":"passed","title":"should handle generation error","duration":1.8711000000000695,"failureMessages":[],"meta":{}},{"ancestorTitles":["useLookbookGenerator","handleGenerate"],"fullName":"useLookbookGenerator handleGenerate should show loading state during generation","status":"passed","title":"should show loading state during generation","duration":2.2937000000001717,"failureMessages":[],"meta":{}},{"ancestorTitles":["useLookbookGenerator","handleGenerate"],"fullName":"useLookbookGenerator handleGenerate should include fabric texture image when provided","status":"passed","title":"should include fabric texture image when provided","duration":2.1720000000000255,"failureMessages":[],"meta":{}},{"ancestorTitles":["useLookbookGenerator","handleGenerateVariations"],"fullName":"useLookbookGenerator handleGenerateVariations should show error when no main lookbook exists","status":"passed","title":"should show error when no main lookbook exists","duration":1.4385999999999513,"failureMessages":[],"meta":{}},{"ancestorTitles":["useLookbookGenerator","handleGenerateVariations"],"fullName":"useLookbookGenerator handleGenerateVariations should generate variations successfully","status":"passed","title":"should generate variations successfully","duration":2.004799999999932,"failureMessages":[],"meta":{}},{"ancestorTitles":["useLookbookGenerator","handleGenerateVariations"],"fullName":"useLookbookGenerator handleGenerateVariations should handle variations generation error","status":"passed","title":"should handle variations generation error","duration":2.0350999999998294,"failureMessages":[],"meta":{}},{"ancestorTitles":["useLookbookGenerator","handleGenerateCloseUp"],"fullName":"useLookbookGenerator handleGenerateCloseUp should show error when no main lookbook exists","status":"passed","title":"should show error when no main lookbook exists","duration":3.147899999999936,"failureMessages":[],"meta":{}},{"ancestorTitles":["useLookbookGenerator","handleGenerateCloseUp"],"fullName":"useLookbookGenerator handleGenerateCloseUp should generate close-ups successfully","status":"passed","title":"should generate close-ups successfully","duration":2.6539000000000215,"failureMessages":[],"meta":{}},{"ancestorTitles":["useLookbookGenerator","handleUpscale"],"fullName":"useLookbookGenerator handleUpscale should upscale main image successfully","status":"passed","title":"should upscale main image successfully","duration":4.779800000000023,"failureMessages":[],"meta":{}},{"ancestorTitles":["useLookbookGenerator","handleUpscale"],"fullName":"useLookbookGenerator handleUpscale should track upscaling state","status":"passed","title":"should track upscaling state","duration":2.629199999999855,"failureMessages":[],"meta":{}},{"ancestorTitles":["useLookbookGenerator","handleUpscale"],"fullName":"useLookbookGenerator handleUpscale should handle upscale error","status":"passed","title":"should handle upscale error","duration":2.159800000000132,"failureMessages":[],"meta":{}},{"ancestorTitles":["useLookbookGenerator","handleUpscale"],"fullName":"useLookbookGenerator handleUpscale should upscale variation image correctly","status":"passed","title":"should upscale variation image correctly","duration":2.005300000000034,"failureMessages":[],"meta":{}},{"ancestorTitles":["useLookbookGenerator","Error Handling"],"fullName":"useLookbookGenerator Error Handling should update error state via setError","status":"passed","title":"should update error state via setError","duration":0.9947999999999411,"failureMessages":[],"meta":{}},{"ancestorTitles":["useLookbookGenerator","Error Handling"],"fullName":"useLookbookGenerator Error Handling should clear error on new generation attempt","status":"passed","title":"should clear error on new generation attempt","duration":1.2440999999998894,"failureMessages":[],"meta":{}},{"ancestorTitles":["useLookbookGenerator","Multiple Clothing Images"],"fullName":"useLookbookGenerator Multiple Clothing Images should handle multiple clothing images for multi-angle synthesis","status":"passed","title":"should handle multiple clothing images for multi-angle synthesis","duration":1.2828999999999269,"failureMessages":[],"meta":{}},{"ancestorTitles":["useLookbookGenerator","Multiple Clothing Images"],"fullName":"useLookbookGenerator Multiple Clothing Images should filter out null images","status":"passed","title":"should filter out null images","duration":2.074200000000019,"failureMessages":[],"meta":{}}],"startTime":1767274490489,"endTime":1767274490587.0742,"status":"passed","message":"","name":"F:/CodeBase/Chang-Store/__tests__/hooks/useLookbookGenerator.test.tsx"},{"assertionResults":[{"ancestorTitles":["useOutfitAnalysis","Initial State"],"fullName":"useOutfitAnalysis Initial State should initialize with step at 0","status":"passed","title":"should initialize with step at 0","duration":17.911000000000058,"failureMessages":[],"meta":{}},{"ancestorTitles":["useOutfitAnalysis","Initial State"],"fullName":"useOutfitAnalysis Initial State should initialize with null uploaded image","status":"passed","title":"should initialize with null uploaded image","duration":2.24149999999986,"failureMessages":[],"meta":{}},{"ancestorTitles":["useOutfitAnalysis","Initial State"],"fullName":"useOutfitAnalysis Initial State should return handleUpload function","status":"passed","title":"should return handleUpload function","duration":2.0095000000001164,"failureMessages":[],"meta":{}},{"ancestorTitles":["useOutfitAnalysis","Initial State"],"fullName":"useOutfitAnalysis Initial State should return handleGenerateRedesigns function","status":"passed","title":"should return handleGenerateRedesigns function","duration":1.8858999999999924,"failureMessages":[],"meta":{}},{"ancestorTitles":["useOutfitAnalysis","Initial State"],"fullName":"useOutfitAnalysis Initial State should return handleExtractItem function","status":"passed","title":"should return handleExtractItem function","duration":1.935399999999845,"failureMessages":[],"meta":{}},{"ancestorTitles":["useOutfitAnalysis","handleUpload"],"fullName":"useOutfitAnalysis handleUpload should execute handleUpload without throwing","status":"passed","title":"should execute handleUpload without throwing","duration":2.4505000000001473,"failureMessages":[],"meta":{}},{"ancestorTitles":["useOutfitAnalysis","handleUpload"],"fullName":"useOutfitAnalysis handleUpload should accept null parameter to clear image","status":"passed","title":"should accept null parameter to clear image","duration":1.6493000000000393,"failureMessages":[],"meta":{}},{"ancestorTitles":["useOutfitAnalysis","handleUpload"],"fullName":"useOutfitAnalysis handleUpload should return a promise from handleUpload","status":"passed","title":"should return a promise from handleUpload","duration":1.3886999999999716,"failureMessages":[],"meta":{}},{"ancestorTitles":["useOutfitAnalysis","handleGenerateRedesigns"],"fullName":"useOutfitAnalysis handleGenerateRedesigns should execute handleGenerateRedesigns without throwing","status":"passed","title":"should execute handleGenerateRedesigns without throwing","duration":1.4002000000000407,"failureMessages":[],"meta":{}},{"ancestorTitles":["useOutfitAnalysis","handleGenerateRedesigns"],"fullName":"useOutfitAnalysis handleGenerateRedesigns should return a promise from handleGenerateRedesigns","status":"passed","title":"should return a promise from handleGenerateRedesigns","duration":1.408100000000104,"failureMessages":[],"meta":{}},{"ancestorTitles":["useOutfitAnalysis","handleExtractItem"],"fullName":"useOutfitAnalysis handleExtractItem should execute handleExtractItem without throwing","status":"passed","title":"should execute handleExtractItem without throwing","duration":1.1570000000001528,"failureMessages":[],"meta":{}},{"ancestorTitles":["useOutfitAnalysis","handleExtractItem"],"fullName":"useOutfitAnalysis handleExtractItem should return a promise from handleExtractItem","status":"passed","title":"should return a promise from handleExtractItem","duration":0.9307000000001153,"failureMessages":[],"meta":{}},{"ancestorTitles":["useOutfitAnalysis","handleExtractItem"],"fullName":"useOutfitAnalysis handleExtractItem should accept any AnalyzedItem structure","status":"passed","title":"should accept any AnalyzedItem structure","duration":0.9927999999999884,"failureMessages":[],"meta":{}},{"ancestorTitles":["useOutfitAnalysis","Hook Stability"],"fullName":"useOutfitAnalysis Hook Stability should maintain step value across re-renders","status":"passed","title":"should maintain step value across re-renders","duration":1.6056999999998425,"failureMessages":[],"meta":{}},{"ancestorTitles":["useOutfitAnalysis","Hook Stability"],"fullName":"useOutfitAnalysis Hook Stability should maintain uploadedImage value across re-renders","status":"passed","title":"should maintain uploadedImage value across re-renders","duration":1.1442999999999302,"failureMessages":[],"meta":{}},{"ancestorTitles":["useOutfitAnalysis","Hook Stability"],"fullName":"useOutfitAnalysis Hook Stability should maintain handler references after re-render","status":"passed","title":"should maintain handler references after re-render","duration":1.3104000000000724,"failureMessages":[],"meta":{}},{"ancestorTitles":["useOutfitAnalysis","Type Safety"],"fullName":"useOutfitAnalysis Type Safety should return step as a number","status":"passed","title":"should return step as a number","duration":1.0188000000000557,"failureMessages":[],"meta":{}},{"ancestorTitles":["useOutfitAnalysis","Type Safety"],"fullName":"useOutfitAnalysis Type Safety should return uploadedImage as null initially","status":"passed","title":"should return uploadedImage as null initially","duration":0.8989999999998872,"failureMessages":[],"meta":{}},{"ancestorTitles":["useOutfitAnalysis","Service Dependencies"],"fullName":"useOutfitAnalysis Service Dependencies should have analyzeOutfit mock available","status":"passed","title":"should have analyzeOutfit mock available","duration":0.1979999999998654,"failureMessages":[],"meta":{}},{"ancestorTitles":["useOutfitAnalysis","Service Dependencies"],"fullName":"useOutfitAnalysis Service Dependencies should have critiqueAndRedesignOutfit mock available","status":"passed","title":"should have critiqueAndRedesignOutfit mock available","duration":0.18669999999997344,"failureMessages":[],"meta":{}},{"ancestorTitles":["useOutfitAnalysis","Service Dependencies"],"fullName":"useOutfitAnalysis Service Dependencies should have extractOutfitItem mock available","status":"passed","title":"should have extractOutfitItem mock available","duration":0.15189999999984138,"failureMessages":[],"meta":{}},{"ancestorTitles":["useOutfitAnalysis","Service Dependencies"],"fullName":"useOutfitAnalysis Service Dependencies should have getErrorMessage mock available","status":"passed","title":"should have getErrorMessage mock available","duration":0.26089999999999236,"failureMessages":[],"meta":{}},{"ancestorTitles":["useOutfitAnalysis","Implementation Scaffolding"],"fullName":"useOutfitAnalysis Implementation Scaffolding should have valid TEST_IMAGE structure","status":"passed","title":"should have valid TEST_IMAGE structure","duration":0.41170000000010987,"failureMessages":[],"meta":{}},{"ancestorTitles":["useOutfitAnalysis","Implementation Scaffolding"],"fullName":"useOutfitAnalysis Implementation Scaffolding should have valid MOCK_ANALYZED_ITEMS structure","status":"passed","title":"should have valid MOCK_ANALYZED_ITEMS structure","duration":0.4821999999999207,"failureMessages":[],"meta":{}},{"ancestorTitles":["useOutfitAnalysis","Implementation Scaffolding"],"fullName":"useOutfitAnalysis Implementation Scaffolding should have valid MOCK_REDESIGN_RESULT structure","status":"passed","title":"should have valid MOCK_REDESIGN_RESULT structure","duration":0.2036000000000513,"failureMessages":[],"meta":{}},{"ancestorTitles":["useOutfitAnalysis","Implementation Scaffolding"],"fullName":"useOutfitAnalysis Implementation Scaffolding should have valid MOCK_EXTRACTED_ITEM structure","status":"passed","title":"should have valid MOCK_EXTRACTED_ITEM structure","duration":0.12990000000013424,"failureMessages":[],"meta":{}}],"startTime":1767274490488,"endTime":1767274490534.4822,"status":"passed","message":"","name":"F:/CodeBase/Chang-Store/__tests__/hooks/useOutfitAnalysis.test.tsx"},{"assertionResults":[{"ancestorTitles":["useVideoGenerator","Initial State"],"fullName":"useVideoGenerator Initial State should return correct initial state","status":"passed","title":"should return correct initial state","duration":18.489900000000034,"failureMessages":[],"meta":{}},{"ancestorTitles":["useVideoGenerator","Initial State"],"fullName":"useVideoGenerator Initial State should update faceImage via setFaceImage","status":"passed","title":"should update faceImage via setFaceImage","duration":3.5406000000000404,"failureMessages":[],"meta":{}},{"ancestorTitles":["useVideoGenerator","handleSuggestScenes"],"fullName":"useVideoGenerator handleSuggestScenes should set error when face image is missing","status":"passed","title":"should set error when face image is missing","duration":4.729100000000017,"failureMessages":[],"meta":{}},{"ancestorTitles":["useVideoGenerator","handleSuggestScenes"],"fullName":"useVideoGenerator handleSuggestScenes should call generateVideoSceneSuggestions when face image provided","status":"passed","title":"should call generateVideoSceneSuggestions when face image provided","duration":3.155100000000175,"failureMessages":[],"meta":{}},{"ancestorTitles":["useVideoGenerator","handleSuggestScenes"],"fullName":"useVideoGenerator handleSuggestScenes should handle errors from generateVideoSceneSuggestions","status":"passed","title":"should handle errors from generateVideoSceneSuggestions","duration":3.093800000000101,"failureMessages":[],"meta":{}},{"ancestorTitles":["useVideoGenerator","handleGenerateVideo"],"fullName":"useVideoGenerator handleGenerateVideo should handle successful video generation","status":"passed","title":"should handle successful video generation","duration":2.677400000000034,"failureMessages":[],"meta":{}},{"ancestorTitles":["useVideoGenerator","handleGenerateVideo"],"fullName":"useVideoGenerator handleGenerateVideo should set error when aivideoauto model requires missing token","status":"passed","title":"should set error when aivideoauto model requires missing token","duration":2.302400000000034,"failureMessages":[],"meta":{}},{"ancestorTitles":["useVideoGenerator","handleGenerateVideo"],"fullName":"useVideoGenerator handleGenerateVideo should append API key to Gemini video URLs","status":"passed","title":"should append API key to Gemini video URLs","duration":1.806100000000015,"failureMessages":[],"meta":{}},{"ancestorTitles":["useVideoGenerator","handleGenerateVideo"],"fullName":"useVideoGenerator handleGenerateVideo should set error state on generation failure","status":"passed","title":"should set error state on generation failure","duration":1.9440999999999349,"failureMessages":[],"meta":{}},{"ancestorTitles":["useVideoGenerator","Loading Message Cycling"],"fullName":"useVideoGenerator Loading Message Cycling should cycle loading messages during video generation","status":"passed","title":"should cycle loading messages during video generation","duration":2.0418999999999414,"failureMessages":[],"meta":{}},{"ancestorTitles":["useVideoGenerator","Loading Message Cycling"],"fullName":"useVideoGenerator Loading Message Cycling should clear loading message interval on completion","status":"passed","title":"should clear loading message interval on completion","duration":2.459100000000035,"failureMessages":[],"meta":{}},{"ancestorTitles":["useVideoGenerator","Loading Message Cycling"],"fullName":"useVideoGenerator Loading Message Cycling should clear loading message interval on error","status":"passed","title":"should clear loading message interval on error","duration":1.647799999999961,"failureMessages":[],"meta":{}},{"ancestorTitles":["useVideoGenerator","Polling Status Updates"],"fullName":"useVideoGenerator Polling Status Updates should pass onStatusUpdate callback to generateVideo","status":"passed","title":"should pass onStatusUpdate callback to generateVideo","duration":1.7041999999999007,"failureMessages":[],"meta":{}},{"ancestorTitles":["useVideoGenerator","Polling Status Updates"],"fullName":"useVideoGenerator Polling Status Updates should reflect polling status updates in state","status":"passed","title":"should reflect polling status updates in state","duration":1.3246000000001459,"failureMessages":[],"meta":{}},{"ancestorTitles":["useVideoGenerator","Timeout Handling"],"fullName":"useVideoGenerator Timeout Handling should handle timeout error gracefully","status":"passed","title":"should handle timeout error gracefully","duration":1.8196000000000367,"failureMessages":[],"meta":{}},{"ancestorTitles":["useVideoGenerator","Cancellation / Cleanup"],"fullName":"useVideoGenerator Cancellation / Cleanup should clear interval on unmount","status":"passed","title":"should clear interval on unmount","duration":1.7414000000001124,"failureMessages":[],"meta":{}},{"ancestorTitles":["useVideoGenerator","Cancellation / Cleanup"],"fullName":"useVideoGenerator Cancellation / Cleanup should properly cleanup resources on unmount","status":"passed","title":"should properly cleanup resources on unmount","duration":1.7537999999999556,"failureMessages":[],"meta":{}},{"ancestorTitles":["useVideoGenerator","Prompt Enhancement"],"fullName":"useVideoGenerator Prompt Enhancement should call analyzeScene and enhanceSceneDescription for prompt enhancement","status":"passed","title":"should call analyzeScene and enhanceSceneDescription for prompt enhancement","duration":2.0266999999998916,"failureMessages":[],"meta":{}},{"ancestorTitles":["useVideoGenerator","Prompt Enhancement"],"fullName":"useVideoGenerator Prompt Enhancement should handle errors in prompt enhancement","status":"passed","title":"should handle errors in prompt enhancement","duration":1.4148999999999887,"failureMessages":[],"meta":{}},{"ancestorTitles":["useVideoGenerator","enforceVisualPreservation Integration"],"fullName":"useVideoGenerator enforceVisualPreservation Integration should call enforceVisualPreservation before generateVideo","status":"passed","title":"should call enforceVisualPreservation before generateVideo","duration":1.2277000000001408,"failureMessages":[],"meta":{}},{"ancestorTitles":["useVideoGenerator","enforceVisualPreservation Integration"],"fullName":"useVideoGenerator enforceVisualPreservation Integration should pass duration and camera angle to enforceVisualPreservation","status":"passed","title":"should pass duration and camera angle to enforceVisualPreservation","duration":1.2164999999999964,"failureMessages":[],"meta":{}},{"ancestor
[...]
0.3285000000000764,"failureMessages":[],"meta":{}},{"ancestorTitles":["services/gemini/image.ts","critiqueAndRedesignOutfit"],"fullName":"services/gemini/image.ts critiqueAndRedesignOutfit should wrap unknown errors with error.api.critiqueFailed prefix","status":"passed","title":"should wrap unknown errors with error.api.critiqueFailed prefix","duration":0.3188000000000102,"failureMessages":[],"meta":{}},{"ancestorTitles":["services/gemini/image.ts","critiqueAndRedesignOutfit"],"fullName":"services/gemini/image.ts critiqueAndRedesignOutfit should preserve error.* prefixed errors","status":"passed","title":"should preserve error.* prefixed errors","duration":0.31529999999997926,"failureMessages":[],"meta":{}}],"startTime":1767274490488,"endTime":1767274490517.3152,"status":"passed","message":"","name":"F:/CodeBase/Chang-Store/__tests__/services/gemini/image.test.ts"},{"assertionResults":[{"ancestorTitles":["services/gemini/text.ts","generateText"],"fullName":"services/gemini/text.ts generateText should successfully generate text with default model","status":"passed","title":"should successfully generate text with default model","duration":3.948600000000056,"failureMessages":[],"meta":{}},{"ancestorTitles":["services/gemini/text.ts","generateText"],"fullName":"services/gemini/text.ts generateText should use custom model when provided","status":"passed","title":"should use custom model when provided","duration":0.39170000000001437,"failureMessages":[],"meta":{}},{"ancestorTitles":["services/gemini/text.ts","generateText"],"fullName":"services/gemini/text.ts generateText should trim whitespace from response","status":"passed","title":"should trim whitespace from response","duration":0.29120000000000346,"failureMessages":[],"meta":{}},{"ancestorTitles":["services/gemini/text.ts","generateText"],"fullName":"services/gemini/text.ts generateText should throw error.api.safetyBlock on promptFeedback block","status":"passed","title":"should throw error.api.safetyBlock on promptFeedback block","duration":1.1321000000000367,"failureMessages":[],"meta":{}},{"ancestorTitles":["services/gemini/text.ts","generateText"],"fullName":"services/gemini/text.ts generateText should throw error.api.safetyBlock when no candidates returned","status":"passed","title":"should throw error.api.safetyBlock when no candidates returned","duration":0.31370000000003984,"failureMessages":[],"meta":{}},{"ancestorTitles":["services/gemini/text.ts","generateText"],"fullName":"services/gemini/text.ts generateText should throw error.api.safetyBlock on SAFETY finish reason","status":"passed","title":"should throw error.api.safetyBlock on SAFETY finish reason","duration":0.24620000000004438,"failureMessages":[],"meta":{}},{"ancestorTitles":["services/gemini/text.ts","generateText"],"fullName":"services/gemini/text.ts generateText should throw error.api.safetyBlock on RECITATION finish reason","status":"passed","title":"should throw error.api.safetyBlock on RECITATION finish reason","duration":0.2440000000000282,"failureMessages":[],"meta":{}},{"ancestorTitles":["services/gemini/text.ts","generateText"],"fullName":"services/gemini/text.ts generateText should throw error.api.safetyBlock on OTHER finish reason","status":"passed","title":"should throw error.api.safetyBlock on OTHER finish reason","duration":0.2680000000000291,"failureMessages":[],"meta":{}},{"ancestorTitles":["services/gemini/text.ts","generateText"],"fullName":"services/gemini/text.ts generateText should throw error.api.noText when response has no text","status":"passed","title":"should throw error.api.noText when response has no text","duration":0.2625999999999067,"failureMessages":[],"meta":{}},{"ancestorTitles":["services/gemini/text.ts","generateText"],"fullName":"services/gemini/text.ts generateText should wrap unknown errors with error.api.geminiFailed prefix","status":"passed","title":"should wrap unknown errors with error.api.geminiFailed prefix","duration":0.41820000000006985,"failureMessages":[],"meta":{}},{"ancestorTitles":["services/gemini/text.ts","generateText"],"fullName":"services/gemini/text.ts generateText should preserve error.* prefixed errors","status":"passed","title":"should preserve error.* prefixed errors","duration":0.22649999999998727,"failureMessages":[],"meta":{}},{"ancestorTitles":["services/gemini/text.ts","generateImageDescription"],"fullName":"services/gemini/text.ts generateImageDescription should successfully generate image description","status":"passed","title":"should successfully generate image description","duration":0.8441000000000258,"failureMessages":[],"meta":{}},{"ancestorTitles":["services/gemini/text.ts","generateImageDescription"],"fullName":"services/gemini/text.ts generateImageDescription should trim whitespace from description","status":"passed","title":"should trim whitespace from description","duration":0.12450000000001182,"failureMessages":[],"meta":{}},{"ancestorTitles":["services/gemini/text.ts","generateImageDescription"],"fullName":"services/gemini/text.ts generateImageDescription should throw error.api.safetyBlock on promptFeedback block","status":"passed","title":"should throw error.api.safetyBlock on promptFeedback block","duration":0.28280000000006567,"failureMessages":[],"meta":{}},{"ancestorTitles":["services/gemini/text.ts","generateImageDescription"],"fullName":"services/gemini/text.ts generateImageDescription should throw error.api.safetyBlock when no candidates","status":"passed","title":"should throw error.api.safetyBlock when no candidates","duration":0.2419999999999618,"failureMessages":[],"meta":{}},{"ancestorTitles":["services/gemini/text.ts","generateImageDescription"],"fullName":"services/gemini/text.ts generateImageDescription should throw error.api.safetyBlock on SAFETY finish reason","status":"passed","title":"should throw error.api.safetyBlock on SAFETY finish reason","duration":0.23310000000003583,"failureMessages":[],"meta":{}},{"ancestorTitles":["services/gemini/text.ts","generateImageDescription"],"fullName":"services/gemini/text.ts generateImageDescription should throw error.api.noTextDescription when no description","status":"passed","title":"should throw error.api.noTextDescription when no description","duration":0.27919999999994616,"failureMessages":[],"meta":{}},{"ancestorTitles":["services/gemini/text.ts","generateImageDescription"],"fullName":"services/gemini/text.ts generateImageDescription should wrap unknown errors with error.api.descriptionFailed prefix","status":"passed","title":"should wrap unknown errors with error.api.descriptionFailed prefix","duration":0.30709999999999127,"failureMessages":[],"meta":{}},{"ancestorTitles":["services/gemini/text.ts","generateClothingDescription"],"fullName":"services/gemini/text.ts generateClothingDescription should successfully generate clothing description","status":"passed","title":"should successfully generate clothing description","duration":0.5287000000000717,"failureMessages":[],"meta":{}},{"ancestorTitles":["services/gemini/text.ts","generateClothingDescription"],"fullName":"services/gemini/text.ts generateClothingDescription should trim whitespace from description","status":"passed","title":"should trim whitespace from description","duration":0.18430000000000746,"failureMessages":[],"meta":{}},{"ancestorTitles":["services/gemini/text.ts","generateClothingDescription"],"fullName":"services/gemini/text.ts generateClothingDescription should throw error.api.safetyBlock on promptFeedback block","status":"passed","title":"should throw error.api.safetyBlock on promptFeedback block","duration":0.26870000000008076,"failureMessages":[],"meta":{}},{"ancestorTitles":["services/gemini/text.ts","generateClothingDescription"],"fullName":"services/gemini/text.ts generateClothingDescription should throw error.api.safetyBlock when no candidates","status":"passed","title":"should throw error.api.safetyBlock when no candidates","duration":0.2880999999999858,"failureMessages":[],"meta":{}},{"ancestorTitles":["services/gemini/text.ts","generateClothingDescription"],"fullName":"services/gemini/text.ts generateClothingDescription should throw error.api.safetyBlock on RECITATION finish reason","status":"passed","title":"should throw error.api.safetyBlock on RECITATION finish reason","duration":0.28129999999998745,"failureMessages":[],"meta":{}},{"ancestorTitles":["services/gemini/text.ts","generateClothingDescription"],"fullName":"services/gemini/text.ts generateClothingDescription should throw error.api.noText when no description","status":"passed","title":"should throw error.api.noText when no description","duration":0.2924000000000433,"failureMessages":[],"meta":{}},{"ancestorTitles":["services/gemini/text.ts","generateClothingDescription"],"fullName":"services/gemini/text.ts generateClothingDescription should wrap unknown errors with error.api.clothingDescriptionFailed prefix","status":"passed","title":"should wrap unknown errors with error.api.clothingDescriptionFailed prefix","duration":0.2883000000000493,"failureMessages":[],"meta":{}},{"ancestorTitles":["services/gemini/text.ts","generatePoseDescription"],"fullName":"services/gemini/text.ts generatePoseDescription should successfully generate pose description","status":"passed","title":"should successfully generate pose description","duration":0.6007000000000744,"failureMessages":[],"meta":{}},{"ancestorTitles":["services/gemini/text.ts","generatePoseDescription"],"fullName":"services/gemini/text.ts generatePoseDescription should trim whitespace from description","status":"passed","title":"should trim whitespace from description","duration":0.20830000000000837,"failureMessages":[],"meta":{}},{"ancestorTitles":["services/gemini/text.ts","generatePoseDescription"],"fullName":"services/gemini/text.ts generatePoseDescription should throw error.api.safetyBlock on promptFeedback block","status":"passed","title":"should throw error.api.safetyBlock on promptFeedback block","duration":0.29139999999995325,"failureMessages":[],"meta":{}},{"ancestorTitles":["services/gemini/text.ts","generatePoseDescription"],"fullName":"services/gemini/text.ts generatePoseDescription should throw error.api.safetyBlock when no candidates","status":"passed","title":"should throw error.api.safetyBlock when no candidates","duration":0.313199999999938,"failureMessages":[],"meta":{}},{"ancestorTitles":["services/gemini/text.ts","generatePoseDescription"],"fullName":"services/gemini/text.ts generatePoseDescription should throw error.api.safetyBlock on OTHER finish reason","status":"passed","title":"should throw error.api.safetyBlock on OTHER finish reason","duration":0.28899999999998727,"failureMessages":[],"meta":{}},{"ancestorTitles":["services/gemini/text.ts","generatePoseDescription"],"fullName":"services/gemini/text.ts generatePoseDescription should throw error.api.noTextDescription when no description","status":"passed","title":"should throw error.api.noTextDescription when no description","duration":0.4136999999999489,"failureMessages":[],"meta":{}},{"ancestorTitles":["services/gemini/text.ts","generatePoseDescription"],"fullName":"services/gemini/text.ts generatePoseDescription should wrap unknown errors with error.api.poseDescriptionFailed prefix","status":"passed","title":"should wrap unknown errors with error.api.poseDescriptionFailed prefix","duration":0.30160000000000764,"failureMessages":[],"meta":{}},{"ancestorTitles":["services/gemini/text.ts","analyzeOutfit"],"fullName":"services/gemini/text.ts analyzeOutfit should successfully parse valid JSON response","status":"passed","title":"should successfully parse valid JSON response","duration":0.9829999999999472,"failureMessages":[],"meta":{}},{"ancestorTitles":["services/gemini/text.ts","analyzeOutfit"],"fullName":"services/gemini/text.ts analyzeOutfit should use gemini-2.5-flash model","status":"passed","title":"should use gemini-2.5-flash model","duration":0.3523999999999887,"failureMessages":[],"meta":{}},{"ancestorTitles":["services/gemini/text.ts","analyzeOutfit"],"fullName":"services/gemini/text.ts analyzeOutfit should clean markdown code block wrapper from JSON","status":"passed","title":"should clean markdown code block wrapper from JSON","duration":0.3550000000000182,"failureMessages":[],"meta":{}},{"ancestorTitles":["services/gemini/text.ts","analyzeOutfit"],"fullName":"services/gemini/text.ts analyzeOutfit should throw error.api.noContent when no text response","status":"passed","title":"should throw error.api.noContent when no text response","duration":0.44230000000004566,"failureMessages":[],"meta":{}},{"ancestorTitles":["services/gemini/text.ts","analyzeOutfit"],"fullName":"services/gemini/text.ts analyzeOutfit should throw error.api.invalidAnalysis when response is not an array","status":"passed","title":"should throw error.api.invalidAnalysis when response is not an array","duration":0.3245999999999185,"failureMessages":[],"meta":{}},{"ancestorTitles":["services/gemini/text.ts","analyzeOutfit"],"fullName":"services/gemini/text.ts analyzeOutfit should throw error.api.invalidAnalysis when item field is missing","status":"passed","title":"should throw error.api.invalidAnalysis when item field is missing","duration":0.34000000000003183,"failureMessages":[],"meta":{}},{"ancestorTitles":["services/gemini/text.ts","analyzeOutfit"],"fullName":"services/gemini/text.ts analyzeOutfit should throw error.api.invalidAnalysis when description field is missing","status":"passed","title":"should throw error.api.invalidAnalysis when description field is missing","duration":0.25729999999998654,"failureMessages":[],"meta":{}},{"ancestorTitles":["services/gemini/text.ts","analyzeOutfit"],"fullName":"services/gemini/text.ts analyzeOutfit should throw error.api.invalidAnalysis when possibleBrands field is missing","status":"passed","title":"should throw error.api.invalidAnalysis when possibleBrands field is missing","duration":0.19610000000000127,"failureMessages":[],"meta":{}},{"ancestorTitles":["services/gemini/text.ts","analyzeOutfit"],"fullName":"services/gemini/text.ts analyzeOutfit should throw when JSON is malformed","status":"passed","title":"should throw when JSON is malformed","duration":0.20479999999997744,"failureMessages":[],"meta":{}},{"ancestorTitles":["services/gemini/text.ts","analyzeOutfit"],"fullName":"services/gemini/text.ts analyzeOutfit should handle empty array response","status":"passed","title":"should handle empty array response","duration":0.2259999999999991,"failureMessages":[],"meta":{}},{"ancestorTitles":["services/gemini/text.ts","analyzeOutfit"],"fullName":"services/gemini/text.ts analyzeOutfit should wrap unknown errors with error.api.analysisFailed prefix","status":"passed","title":"should wrap unknown errors with error.api.analysisFailed prefix","duration":0.20029999999997017,"failureMessages":[],"meta":{}},{"ancestorTitles":["services/gemini/text.ts","analyzeOutfit"],"fullName":"services/gemini/text.ts analyzeOutfit should preserve error.* prefixed errors","status":"passed","title":"should preserve error.* prefixed errors","duration":0.18259999999997945,"failureMessages":[],"meta":{}},{"ancestorTitles":["services/gemini/text.ts","generateStylePromptFromImage"],"fullName":"services/gemini/text.ts generateStylePromptFromImage should successfully generate style prompt with default model","status":"passed","title":"should successfully generate style prompt with default model","duration":0.3851999999999407,"failureMessages":[],"meta":{}},{"ancestorTitles":["services/gemini/text.ts","generateStylePromptFromImage"],"fullName":"services/gemini/text.ts generateStylePromptFromImage should use custom model when provided","status":"passed","title":"should use custom model when provided","duration":0.19869999999991705,"failureMessages":[],"meta":{}},{"ancestorTitles":["services/gemini/text.ts","generateStylePromptFromImage"],"fullName":"services/gemini/text.ts generateStylePromptFromImage should trim whitespace from prompt","status":"passed","title":"should trim whitespace from prompt","duration":0.10479999999995471,"failureMessages":[],"meta":{}},{"ancestorTitles":["services/gemini/text.ts","generateStylePromptFromImage"],"fullName":"services/gemini/text.ts generateStylePromptFromImage should throw error.api.safetyBlock on promptFeedback block","status":"passed","title":"should throw error.api.safetyBlock on promptFeedback block","duration":0.15800000000001546,"failureMessages":[],"meta":{}},{"ancestorTitles":["services/gemini/text.ts","generateStylePromptFromImage"],"fullName":"services/gemini/text.ts generateStylePromptFromImage should throw error.api.noContent when no candidates","status":"passed","title":"should throw error.api.noContent when no candidates","duration":0.137299999999982,"failureMessages":[],"meta":{}},{"ancestorTitles":["services/gemini/text.ts","generateStylePromptFromImage"],"fullName":"services/gemini/text.ts generateStylePromptFromImage should throw error.api.noTextDescription when no text","status":"passed","title":"should throw error.api.noTextDescription when no text","duration":0.12610000000006494,"failureMessages":[],"meta":{}},{"ancestorTitles":["services/gemini/text.ts","generateStylePromptFromImage"],"fullName":"services/gemini/text.ts generateStylePromptFromImage should propagate errors without additional wrapping","status":"passed","title":"should propagate errors without additional wrapping","duration":0.13419999999996435,"failureMessages":[],"meta":{}},{"ancestorTitles":["services/gemini/text.ts","analyzeScene"],"fullName":"services/gemini/text.ts analyzeScene should successfully analyze scene with default model","status":"passed","title":"should successfully analyze scene with default model","duration":0.32960000000002765,"failureMessages":[],"meta":{}},{"ancestorTitles":["services/gemini/text.ts","analyzeScene"],"fullName":"services/gemini/text.ts analyzeScene should use custom model when provided","status":"passed","title":"should use custom model when provided","duration":0.2116000000000895,"failureMessages":[],"meta":{}},{"ancestorTitles":["services/gemini/text.ts","analyzeScene"],"fullName":"services/gemini/text.ts analyzeScene should include image part in request","status":"passed","title":"should include image part in request","duration":0.16030000000000655,"failureMessages":[],"meta":{}},{"ancestorTitles":["services/gemini/text.ts","analyzeScene"],"fullName":"services/gemini/text.ts analyzeScene should trim whitespace from analysis","status":"passed","title":"should trim whitespace from analysis","duration":0.11200000000008004,"failureMessages":[],"meta":{}},{"ancestorTitles":["services/gemini/text.ts","analyzeScene"],"fullName":"services/gemini/text.ts analyzeScene should throw error.api.safetyBlock on promptFeedback block","status":"passed","title":"should throw error.api.safetyBlock on promptFeedback block","duration":0.16440000000000055,"failureMessages":[],"meta":{}},{"ancestorTitles":["services/gemini/text.ts","analyzeScene"],"fullName":"services/gemini/text.ts analyzeScene should throw error.api.noContent when no candidates","status":"passed","title":"should throw error.api.noContent when no candidates","duration":0.16629999999997835,"failureMessages":[],"meta":{}},{"ancestorTitles":["services/gemini/text.ts","analyzeScene"],"fullName":"services/gemini/text.ts analyzeScene should throw error.api.noTextDescription when no text","status":"passed","title":"should throw error.api.noTextDescription when no text","duration":0.17640000000005784,"failureMessages":[],"meta":{}},{"ancestorTitles":["services/gemini/text.ts","analyzeScene"],"fullName":"services/gemini/text.ts analyzeScene should propagate errors without additional wrapping","status":"passed","title":"should propagate errors without additional wrapping","duration":0.16219999999998436,"failureMessages":[],"meta":{}}],"startTime":1767274491185,"endTime":1767274491207.1765,"status":"passed","message":"","name":"F:/CodeBase/Chang-Store/__tests__/services/gemini/text.test.ts"}]}